||--DATE--||--Time--||------LogType------||------------------------Log----------------------------------------------------------------------------------------------------------------------------------------------------||
**********************************************************************************************************************
                                                                                                                                                                                                                           
2021-11-15, 15:22:19 , Successful startup , The app started successfully and has proceeded to run the main UI.
2021-11-15, 15:22:38 , Start Screen Error , The Start Screen Didnt appear and error message prompted after which program unexpectedly stopped.
2021-11-15, 15:22:54 , Start Screen Error , The Start Screen Didnt appear and error message prompted after which program unexpectedly stopped.
2021-11-15, 15:23:07 , Successful startup , The app started successfully and has proceeded to run the main UI.
2021-11-15, 15:23:32 , Successful startup , The app started successfully and has proceeded to run the Main UI.
2021-11-15, 15:23:45 , Successful startup , The app started successfully and has proceeded to run the Main UI.
2021-11-15, 15:24:02 , Start Screen Error , The Start Screen Didnt appear and error message prompted after which program unexpectedly stopped.
2021-11-15, 15:24:11 , Start Screen Error , The Start Screen Didnt appear and error message prompted after which program unexpectedly stopped.
2021-11-15, 15:27:17 , Successful startup , The app started successfully and has proceeded to run the Main UI.
2021-11-15, 15:47:50 , Successful startup , The app started successfully and has proceeded to run the Main UI.
2021-11-15, 15:47:50 , Main UI startup issue CRITICAL , Main UI start NEGATIVE and program unexpectedly stopped.
2021-11-15, 15:48:44 , Successful startup , The app started successfully and has proceeded to run the Main UI.
2021-11-15, 15:48:44 , Main UI startup issue CRITICAL , Main UI start NEGATIVE and program unexpectedly stopped.
2021-11-15, 15:49:01 , Successful startup , The app started successfully and has proceeded to run the Main UI.
2021-11-15, 15:49:12 , Successful startup , The app started successfully and has proceeded to run the Main UI.
2021-11-15, 15:49:23 , Start Screen Error , The Start Screen Didnt appear and error message prompted after which program unexpectedly stopped.
2021-11-15, 15:49:30 , Successful startup , The app started successfully and has proceeded to run the Main UI.
2021-11-18, 17:57:01 , Successful startup , The app started successfully and has proceeded to run the Main UI.
2021-11-18, 17:57:01 , Main UI startup issue CRITICAL , Main UI start NEGATIVE and program unexpectedly stopped.
2021-11-18, 17:57:32 , Successful startup , The app started successfully and has proceeded to run the Main UI.
2021-11-18, 19:48:55 , Successful startup , The app started successfully and has proceeded to run the Main UI.
2021-11-18, 19:49:06 , Successful startup , The app started successfully and has proceeded to run the Main UI.
2021-11-18, 19:49:06 , Main UI startup issue CRITICAL , Main UI start NEGATIVE and program unexpectedly stopped.
2021-11-22, 14:34:54 , Successful startup , The app started successfully and has proceeded to run the Main UI.
2021-11-22, 14:35:05 , Successful startup , The app started successfully and has proceeded to run the Main UI.
2021-11-22, 14:35:05 , Main UI startup issue CRITICAL , Main UI start NEGATIVE and program unexpectedly stopped.
<<<<<<< HEAD
2021-12-07, 20:38:43 , Successful startup , The app started successfully and has proceeded to run the Main UI.
2021-12-07, 20:38:43 , Main UI startup issue CRITICAL , Main UI start NEGATIVE and program unexpectedly stopped.
=======
2021-12-04, 13:30:54 , Successful startup , The app started successfully and has proceeded to run the Main UI.
2021-12-04, 13:31:00 , Successful startup , The app started successfully and has proceeded to run the Main UI.
2021-12-04, 13:31:41 , Successful startup , The app started successfully and has proceeded to run the Main UI.
2021-12-04, 13:31:54 , Successful startup , The app started successfully and has proceeded to run the Main UI.
2021-12-04, 13:32:31 , Successful startup , The app started successfully and has proceeded to run the Main UI.
2021-12-04, 13:33:02 , Successful startup , The app started successfully and has proceeded to run the Main UI.
2021-12-04, 13:42:08 , Successful startup , The app started successfully and has proceeded to run the Main UI.
2021-12-04, 13:42:38 , Successful startup , The app started successfully and has proceeded to run the Main UI.
2021-12-04, 13:43:01 , Successful startup , The app started successfully and has proceeded to run the Main UI.
2021-12-04, 13:58:21 , Successful startup , The app started successfully and has proceeded to run the Main UI.
>>>>>>> 7c9998251caf99a2704b6981b91d3e9c6a0d2ac7
2021-12-07, 20:41:51 , Successful startup , The app started successfully and has proceeded to run the Main UI.
2021-12-07, 20:42:45 , Successful startup , The app started successfully and has proceeded to run the Main UI.
2021-12-07, 20:43:12 , Successful startup , The app started successfully and has proceeded to run the Main UI.
2021-12-07, 20:47:18 , Successful startup , The app started successfully and has proceeded to run the Main UI.
2021-12-07, 20:47:18 , Main UI startup issue CRITICAL , Main UI start NEGATIVE and program unexpectedly stopped.
2021-12-09, 22:36:37 , Successful startup , The app started successfully and has proceeded to run the Main UI.
2021-12-09, 22:37:24 , Successful startup , The app started successfully and has proceeded to run the Main UI.
2021-12-09, 22:38:17 , Successful startup , The app started successfully and has proceeded to run the Main UI.
2021-12-09, 22:40:02 , Successful startup , The app started successfully and has proceeded to run the Main UI.
2021-12-09, 22:40:29 , Successful startup , The app started successfully and has proceeded to run the Main UI.
2021-12-09, 22:55:09 , Successful startup , The app started successfully and has proceeded to run the Main UI.
2021-12-09, 22:55:27 , Successful startup , The app started successfully and has proceeded to run the Main UI.
2021-12-09, 22:56:46 , Successful startup , The app started successfully and has proceeded to run the Main UI.
2021-12-09, 22:56:58 , Successful startup , The app started successfully and has proceeded to run the Main UI.
2021-12-09, 22:56:58 , Main UI startup issue CRITICAL , Main UI start NEGATIVE and program unexpectedly stopped.
2021-12-09, 22:57:37 , Successful startup , The app started successfully and has proceeded to run the Main UI.
2021-12-09, 22:57:54 , Successful startup , The app started successfully and has proceeded to run the Main UI.
2021-12-09, 22:59:17 , Successful startup , The app started successfully and has proceeded to run the Main UI.
2021-12-09, 23:00:03 , Successful startup , The app started successfully and has proceeded to run the Main UI.
2021-12-09, 23:00:48 , Successful startup , The app started successfully and has proceeded to run the Main UI.
2021-12-09, 23:01:57 , Successful startup , The app started successfully and has proceeded to run the Main UI.
2021-12-09, 23:06:15 , Successful startup , The app started successfully and has proceeded to run the Main UI.
2021-12-09, 23:47:24 , Successful startup , The app started successfully and has proceeded to run the Main UI.
2021-12-09, 23:48:16 , Start Screen Error , The Start Screen Didnt appear and error message prompted after which program unexpectedly stopped.
2021-12-09, 23:50:32 , Successful startup , The app started successfully and has proceeded to run the Main UI.
2021-12-09, 23:52:45 , Start Screen Error , The Start Screen Didnt appear and error message prompted after which program unexpectedly stopped.
2021-12-09, 23:53:26 , Start Screen Error , The Start Screen Didnt appear and error message prompted after which program unexpectedly stopped.
2021-12-10, 00:50:04 , Start Screen Error , The Start Screen Didnt appear and error message prompted after which program unexpectedly stopped.
2021-12-10, 00:50:31 , Successful startup , The app started successfully and has proceeded to run the Main UI.
2021-12-10, 00:54:20 , Successful startup , The app started successfully and has proceeded to run the Main UI.
2021-12-10, 01:01:25 , Successful startup , The app started successfully and has proceeded to run the Main UI.
2021-12-10, 01:04:44 , Start Screen Error , The Start Screen Didnt appear and error message prompted after which program unexpectedly stopped.
2021-12-10, 01:05:22 , Start Screen Error , The Start Screen Didnt appear and error message prompted after which program unexpectedly stopped.
2021-12-10, 01:08:48 , Successful startup , The app started successfully and has proceeded to run the Main UI.
2021-12-10, 01:09:06 , Successful startup , The app started successfully and has proceeded to run the Main UI.
2021-12-10, 01:09:18 , Successful startup , The app started successfully and has proceeded to run the Main UI.
2021-12-10, 01:09:53 , Successful startup , The app started successfully and has proceeded to run the Main UI.
2021-12-10, 01:10:00 , Successful startup , The app started successfully and has proceeded to run the Main UI.
2021-12-10, 01:10:21 , Successful startup , The app started successfully and has proceeded to run the Main UI.
2021-12-10, 01:11:03 , Successful startup , The app started successfully and has proceeded to run the Main UI.
2021-12-10, 01:11:18 , Successful startup , The app started successfully and has proceeded to run the Main UI.
2021-12-12, 17:30:17 , Successful startup , The app started successfully and has proceeded to run the Main UI.
2021-12-12, 17:30:44 , Successful startup , The app started successfully and has proceeded to run the Main UI.
2021-12-12, 17:30:44 , Main UI startup issue CRITICAL , Main UI start NEGATIVE and program unexpectedly stopped.
2021-12-12, 17:32:45 , Successful startup , The app started successfully and has proceeded to run the Main UI.
2021-12-12, 17:33:17 , Successful startup , The app started successfully and has proceeded to run the Main UI.
2021-12-12, 17:33:17 , Main UI startup issue CRITICAL , Main UI start NEGATIVE and program unexpectedly stopped.
2021-12-12, 17:33:58 , Successful startup , The app started successfully and has proceeded to run the Main UI.
2021-12-12, 17:34:24 , Successful startup , The app started successfully and has proceeded to run the Main UI.
2021-12-12, 19:21:32 , Successful startup , The app started successfully and has proceeded to run the Main UI.
2021-12-12, 19:22:31 , Successful startup , The app started successfully and has proceeded to run the Main UI.
2021-12-12, 19:22:55 , Start Screen Error , The Start Screen Didnt appear and error message prompted after which program unexpectedly stopped.
2021-12-12, 19:23:02 , Successful startup , The app started successfully and has proceeded to run the Main UI.
2021-12-12, 19:23:14 , Successful startup , The app started successfully and has proceeded to run the Main UI.
2021-12-12, 19:23:21 , Successful startup , The app started successfully and has proceeded to run the Main UI.
2021-12-21, 20:30:29 , Successful startup , The app started successfully and has proceeded to run the Main UI.
2021-12-21, 20:31:02 , Successful startup , The app started successfully and has proceeded to run the Main UI.
2021-12-21, 20:31:38 , Successful startup , The app started successfully and has proceeded to run the Main UI.
2021-12-21, 20:33:16 , Successful startup , The app started successfully and has proceeded to run the Main UI.
2021-12-21, 20:33:33 , Successful startup , The app started successfully and has proceeded to run the Main UI.
2021-12-21, 20:33:48 , Successful startup , The app started successfully and has proceeded to run the Main UI.
2021-12-21, 20:34:03 , Successful startup , The app started successfully and has proceeded to run the Main UI.
2021-12-21, 20:38:26 , Successful startup , The app started successfully and has proceeded to run the Main UI.
2021-12-21, 20:39:01 , Successful startup , The app started successfully and has proceeded to run the Main UI.
2021-12-21, 20:39:32 , Successful startup , The app started successfully and has proceeded to run the Main UI.
2021-12-21, 20:41:04 , Successful startup , The app started successfully and has proceeded to run the Main UI.
2021-12-21, 20:46:12 , Successful startup , The app started successfully and has proceeded to run the Main UI.
2021-12-31, 18:15:58 , Successful startup , The app started successfully and has proceeded to run the Main UI.
2021-12-31, 18:17:33 , Successful startup , The app started successfully and has proceeded to run the Main UI.
2022-01-09, 19:52:55 , Successful startup , The app started successfully and has proceeded to run the Main UI.
2022-01-09, 19:53:08 , Successful startup , The app started successfully and has proceeded to run the Main UI.
2022-01-09, 19:53:26 , Successful startup , The app started successfully and has proceeded to run the Main UI.
2022-01-09, 19:55:08 , Successful startup , The app started successfully and has proceeded to run the Main UI.
2022-01-09, 19:56:52 , Successful startup , The app started successfully and has proceeded to run the Main UI.
2022-01-09, 20:01:39 , Successful startup , The app started successfully and has proceeded to run the Main UI.
2022-01-09, 20:02:37 , Successful startup , The app started successfully and has proceeded to run the Main UI.
2022-01-09, 20:08:10 , Successful startup , The app started successfully and has proceeded to run the Main UI.
2022-01-09, 20:09:17 , Successful startup , The app started successfully and has proceeded to run the Main UI.
2022-01-09, 20:10:08 , Successful startup , The app started successfully and has proceeded to run the Main UI.
2022-01-09, 20:46:22 , Successful startup , The app started successfully and has proceeded to run the Main UI.
